#
# A fatal error has been detected by the Java Runtime Environment:
#
#  EXCEPTION_ACCESS_VIOLATION (0xc0000005) at pc=0x0000000002fcbd91, pid=5008, tid=18908
#
# JRE version: Java(TM) SE Runtime Environment (8.0_60-b27) (build 1.8.0_60-b27)
# Java VM: Java HotSpot(TM) 64-Bit Server VM (25.60-b23 mixed mode windows-amd64 compressed oops)
# Problematic frame:
# J 565 C2 kr.kaist.sentence.embedding.execution.ModelTrainer$GradientDecentCalculator.gradientDecentWeightMatrix(Lkr/kaist/sentence/embedding/structure/Tree;III)[D (396 bytes) @ 0x0000000002fcbd91 [0x0000000002fcb900+0x491]
#
# Failed to write core dump. Minidumps are not enabled by default on client versions of Windows
#
# If you would like to submit a bug report, please visit:
#   http://bugreport.java.com/bugreport/crash.jsp
#

---------------  T H R E A D  ---------------

Current thread (0x000000001f2d0800):  JavaThread "pool-5623-thread-1" [_thread_in_Java, id=18908, stack(0x00000000229a0000,0x0000000022aa0000)]

siginfo: ExceptionCode=0xc0000005, writing address 0x0000000000000000

Registers:
RAX=0x0000000000000000, RBX=0x000000000e8ea000, RCX=0x0000000003672129, RDX=0x00000006ce40f1f8
RSP=0x0000000022a9eb70, RBP=0x00000000d9c84a4e, RSI=0x000000000000000f, RDI=0x0000000779c11360
R8 =0x0000000779c111c0, R9 =0x0000000000000032, R10=0x0000000000000001, R11=0x00000006ce425270
R12=0x0000000000000000, R13=0x00000006ce40f218, R14=0x0000000779c104c0, R15=0x000000001f2d0800
RIP=0x0000000002fcbd91, EFLAGS=0x0000000000010202

Top of Stack: (sp=0x0000000022a9eb70)
0x0000000022a9eb70:   0000000000000034 000000001f2d0800
0x0000000022a9eb80:   0000000000000032 0000000066923e7b
0x0000000022a9eb90:   0000000600000009 000000320000000f
0x0000000022a9eba0:   0000000f00000000 0000000000000010
0x0000000022a9ebb0:   0000000779c0c3c0 00000000d9c81e43
0x0000000022a9ebc0:   00000006ce40f1f8 0000000000000001
0x0000000022a9ebd0:   000000001f2d0800 0000000000000032
0x0000000022a9ebe0:   0000000000000001 00000000668de8a1
0x0000000022a9ebf0:   00000006ce42aab8 0000000002fcbd20
0x0000000022a9ec00:   00000007c00005c8 000000006696a200
0x0000000022a9ec10:   00000007c00005c8 000000001f2d0800
0x0000000022a9ec20:   0000000700000004 000000000000000f
0x0000000022a9ec30:   0000000900000000 000000000000000a
0x0000000022a9ec40:   0000000779c109a0 00000000d9c81e43
0x0000000022a9ec50:   00000006ce40f1f8 0000000002c32e49
0x0000000022a9ec60:   000000001f2d0800 0000000775e41680 

Instructions: (pc=0x0000000002fcbd91)
0x0000000002fcbd71:   00 00 00 45 85 c9 0f 8e 49 06 00 00 45 85 c9 0f
0x0000000002fcbd81:   86 88 09 00 00 41 8b d9 ff cb 41 3b d9 0f 83 7a
0x0000000002fcbd91:   09 00 00 45 8b d0 41 c1 ea 03 41 83 e2 03 41 bb
0x0000000002fcbda1:   01 00 00 00 45 2b da 41 83 e3 03 41 ff c3 45 3b 


Register to memory mapping:

RAX=0x0000000000000000 is an unknown value
RBX=0x000000000e8ea000 is an unknown value
RCX=0x0000000003672129 is an unknown value
RDX=0x00000006ce40f1f8 is an oop
kr.kaist.sentence.embedding.structure.Tree 
 - klass: 'kr/kaist/sentence/embedding/structure/Tree'
RSP=0x0000000022a9eb70 is pointing into the stack for thread: 0x000000001f2d0800
RBP=0x00000000d9c84a4e is an unknown value
RSI=0x000000000000000f is an unknown value
RDI=0x0000000779c11360 is an oop

[error occurred during error reporting (printing register info), id 0xc0000005]

Stack: [0x00000000229a0000,0x0000000022aa0000],  sp=0x0000000022a9eb70,  free space=1018k
Native frames: (J=compiled Java code, j=interpreted, Vv=VM code, C=native code)
C  0x0000000002fcbd91


---------------  P R O C E S S  ---------------

Java Threads: ( => current thread )
  0x000000001f2d0000 JavaThread "pool-5623-thread-2" [_thread_in_Java, id=17360, stack(0x0000000022aa0000,0x0000000022ba0000)]
=>0x000000001f2d0800 JavaThread "pool-5623-thread-1" [_thread_in_Java, id=18908, stack(0x00000000229a0000,0x0000000022aa0000)]
  0x000000001e75b000 JavaThread "Service Thread" daemon [_thread_blocked, id=17952, stack(0x000000001f030000,0x000000001f130000)]
  0x000000001e6ca000 JavaThread "C1 CompilerThread3" daemon [_thread_blocked, id=6828, stack(0x000000001ef30000,0x000000001f030000)]
  0x000000001e6c4800 JavaThread "C2 CompilerThread2" daemon [_thread_blocked, id=18404, stack(0x000000001ee30000,0x000000001ef30000)]
  0x000000001e6c3000 JavaThread "C2 CompilerThread1" daemon [_thread_blocked, id=9352, stack(0x000000001ed30000,0x000000001ee30000)]
  0x000000001e6b6800 JavaThread "C2 CompilerThread0" daemon [_thread_blocked, id=15448, stack(0x000000001ec30000,0x000000001ed30000)]
  0x000000001e6b6000 JavaThread "Attach Listener" daemon [_thread_blocked, id=11184, stack(0x000000001eb30000,0x000000001ec30000)]
  0x000000001e6b5800 JavaThread "Signal Dispatcher" daemon [_thread_blocked, id=8608, stack(0x000000001ea30000,0x000000001eb30000)]
  0x0000000002a5a800 JavaThread "Finalizer" daemon [_thread_blocked, id=10348, stack(0x000000001e4b0000,0x000000001e5b0000)]
  0x000000001c5dc800 JavaThread "Reference Handler" daemon [_thread_blocked, id=2332, stack(0x000000001e3b0000,0x000000001e4b0000)]
  0x0000000002960800 JavaThread "main" [_thread_blocked, id=7284, stack(0x0000000002550000,0x0000000002650000)]

Other Threads:
  0x000000001c5d8800 VMThread [stack: 0x000000001e2b0000,0x000000001e3b0000] [id=2688]
  0x000000001e7dd800 WatcherThread [stack: 0x000000001f130000,0x000000001f230000] [id=9508]

VM state:not at safepoint (normal execution)

VM Mutex/Monitor currently owned by a thread: None

Heap:
 PSYoungGen      total 1278464K, used 259357K [0x000000076af00000, 0x00000007bf600000, 0x00000007c0000000)
  eden space 1177600K, 21% used [0x000000076af00000,0x000000077a21f540,0x00000007b2d00000)
  from space 100864K, 10% used [0x00000007b9380000,0x00000007b9da8000,0x00000007bf600000)
  to   space 102912K, 0% used [0x00000007b2d00000,0x00000007b2d00000,0x00000007b9180000)
 ParOldGen       total 2788352K, used 1729259K [0x00000006c0c00000, 0x000000076af00000, 0x000000076af00000)
  object space 2788352K, 62% used [0x00000006c0c00000,0x000000072a4baef0,0x000000076af00000)
 Metaspace       used 3441K, capacity 4632K, committed 4864K, reserved 1056768K
  class space    used 350K, capacity 392K, committed 512K, reserved 1048576K

Card table byte_map: [0x0000000011ef0000,0x00000000126f0000] byte_map_base: 0x000000000e8ea000

Marking Bits: (ParMarkBitMap*) 0x000000006703a5b0
 Begin Bits: [0x0000000013450000, 0x0000000017420000)
 End Bits:   [0x0000000017420000, 0x000000001b3f0000)

Polling page: 0x0000000000de0000

CodeCache: size=245760Kb used=3804Kb max_used=4939Kb free=241955Kb
 bounds [0x0000000002b30000, 0x0000000003010000, 0x0000000011b30000]
 total_blobs=925 nmethods=674 adapters=164
 compilation: enabled

Compilation events (10 events):
Event: 44636.772 Thread 0x000000001e6ca000  951       1       sun.misc.FloatingDecimal$ExceptionalBinaryToASCIIBuffer::toJavaFormatString (5 bytes)
Event: 44636.772 Thread 0x000000001e6ca000 nmethod 951 0x0000000002c7b850 code [0x0000000002c7b9a0, 0x0000000002c7bab0]
Event: 46594.274 Thread 0x000000001e6c4800  952       4       java.util.concurrent.Executors::newFixedThreadPool (21 bytes)
Event: 46594.274 Thread 0x000000001e6b6800  953       4       java.util.ArrayList::iterator (10 bytes)
Event: 46594.275 Thread 0x000000001e6b6800 nmethod 953 0x0000000002e28d10 code [0x0000000002e28e60, 0x0000000002e28f68]
Event: 46594.298 Thread 0x000000001e6c4800 nmethod 952 0x0000000002fd2d90 code [0x0000000002fd2fe0, 0x0000000002fd44b8]
Event: 46620.045 Thread 0x000000001e6b6800  954   !   4       java.util.concurrent.LinkedBlockingQueue::signalNotEmpty (33 bytes)
Event: 46620.048 Thread 0x000000001e6b6800 nmethod 954 0x0000000002cb4dd0 code [0x0000000002cb4f60, 0x0000000002cb52d0]
Event: 48824.967 Thread 0x000000001e6b6800  955       4       java.util.concurrent.ThreadPoolExecutor::finalize (5 bytes)
Event: 48824.971 Thread 0x000000001e6b6800 nmethod 955 0x0000000002ce8cd0 code [0x0000000002ce8e80, 0x0000000002ce9220]

GC Heap History (10 events):
Event: 51133.096 GC heap before
{Heap before GC invocations=40662 (full 909):
 PSYoungGen      total 1263616K, used 1162112K [0x000000076af00000, 0x00000007bfa80000, 0x00000007c0000000)
  eden space 1142784K, 100% used [0x000000076af00000,0x00000007b0b00000,0x00000007b0b00000)
  from space 120832K, 15% used [0x00000007b0b00000,0x00000007b1de0000,0x00000007b8100000)
  to   space 116224K, 0% used [0x00000007b8900000,0x00000007b8900000,0x00000007bfa80000)
 ParOldGen       total 2788352K, used 2581997K [0x00000006c0c00000, 0x000000076af00000, 0x000000076af00000)
  object space 2788352K, 92% used [0x00000006c0c00000,0x000000075e57b558,0x000000076af00000)
 Metaspace       used 3441K, capacity 4632K, committed 4864K, reserved 1056768K
  class space    used 350K, capacity 392K, committed 512K, reserved 1048576K
Event: 51133.108 GC heap after
Heap after GC invocations=40662 (full 909):
 PSYoungGen      total 1262592K, used 26336K [0x000000076af00000, 0x00000007bf080000, 0x00000007c0000000)
  eden space 1156608K, 0% used [0x000000076af00000,0x000000076af00000,0x00000007b1880000)
  from space 105984K, 24% used [0x00000007b8900000,0x00000007ba2b8000,0x00000007bf080000)
  to   space 110592K, 0% used [0x00000007b1880000,0x00000007b1880000,0x00000007b8480000)
 ParOldGen       total 2788352K, used 2598365K [0x00000006c0c00000, 0x000000076af00000, 0x000000076af00000)
  object space 2788352K, 93% used [0x00000006c0c00000,0x000000075f577558,0x000000076af00000)
 Metaspace       used 3441K, capacity 4632K, committed 4864K, reserved 1056768K
  class space    used 350K, capacity 392K, committed 512K, reserved 1048576K
}
Event: 51134.797 GC heap before
{Heap before GC invocations=40663 (full 909):
 PSYoungGen      total 1262592K, used 1182944K [0x000000076af00000, 0x00000007bf080000, 0x00000007c0000000)
  eden space 1156608K, 100% used [0x000000076af00000,0x00000007b1880000,0x00000007b1880000)
  from space 105984K, 24% used [0x00000007b8900000,0x00000007ba2b8000,0x00000007bf080000)
  to   space 110592K, 0% used [0x00000007b1880000,0x00000007b1880000,0x00000007b8480000)
 ParOldGen       total 2788352K, used 2598365K [0x00000006c0c00000, 0x000000076af00000, 0x000000076af00000)
  object space 2788352K, 93% used [0x00000006c0c00000,0x000000075f577558,0x000000076af00000)
 Metaspace       used 3441K, capacity 4632K, committed 4864K, reserved 1056768K
  class space    used 350K, capacity 392K, committed 512K, reserved 1048576K
Event: 51134.809 GC heap after
Heap after GC invocations=40663 (full 909):
 PSYoungGen      total 1267200K, used 24288K [0x000000076af00000, 0x00000007bfa80000, 0x00000007c0000000)
  eden space 1156608K, 0% used [0x000000076af00000,0x000000076af00000,0x00000007b1880000)
  from space 110592K, 21% used [0x00000007b1880000,0x00000007b3038000,0x00000007b8480000)
  to   space 105472K, 0% used [0x00000007b9380000,0x00000007b9380000,0x00000007bfa80000)
 ParOldGen       total 2788352K, used 2622717K [0x00000006c0c00000, 0x000000076af00000, 0x000000076af00000)
  object space 2788352K, 94% used [0x00000006c0c00000,0x0000000760d3f558,0x000000076af00000)
 Metaspace       used 3441K, capacity 4632K, committed 4864K, reserved 1056768K
  class space    used 350K, capacity 392K, committed 512K, reserved 1048576K
}
Event: 51136.115 GC heap before
{Heap before GC invocations=40664 (full 909):
 PSYoungGen      total 1267200K, used 1180896K [0x000000076af00000, 0x00000007bfa80000, 0x00000007c0000000)
  eden space 1156608K, 100% used [0x000000076af00000,0x00000007b1880000,0x00000007b1880000)
  from space 110592K, 21% used [0x00000007b1880000,0x00000007b3038000,0x00000007b8480000)
  to   space 105472K, 0% used [0x00000007b9380000,0x00000007b9380000,0x00000007bfa80000)
 ParOldGen       total 2788352K, used 2622717K [0x00000006c0c00000, 0x000000076af00000, 0x000000076af00000)
  object space 2788352K, 94% used [0x00000006c0c00000,0x0000000760d3f558,0x000000076af00000)
 Metaspace       used 3441K, capacity 4632K, committed 4864K, reserved 1056768K
  class space    used 350K, capacity 392K, committed 512K, reserved 1048576K
Event: 51136.269 GC heap after
Heap after GC invocations=40664 (full 909):
 PSYoungGen      total 1267200K, used 1180896K [0x000000076af00000, 0x00000007bfa80000, 0x00000007c0000000)
  eden space 1156608K, 100% used [0x000000076af00000,0x00000007b1880000,0x00000007b1880000)
  from space 110592K, 21% used [0x00000007b1880000,0x00000007b3038000,0x00000007b8480000)
  to   space 105472K, 100% used [0x00000007b9380000,0x00000007bfa80000,0x00000007bfa80000)
 ParOldGen       total 2788352K, used 2788349K [0x00000006c0c00000, 0x000000076af00000, 0x000000076af00000)
  object space 2788352K, 99% used [0x00000006c0c00000,0x000000076aeff558,0x000000076af00000)
 Metaspace       used 3441K, capacity 4632K, committed 4864K, reserved 1056768K
  class space    used 350K, capacity 392K, committed 512K, reserved 1048576K
}
Event: 51136.269 GC heap before
{Heap before GC invocations=40665 (full 910):
 PSYoungGen      total 1267200K, used 1180896K [0x000000076af00000, 0x00000007bfa80000, 0x00000007c0000000)
  eden space 1156608K, 100% used [0x000000076af00000,0x00000007b1880000,0x00000007b1880000)
  from space 110592K, 21% used [0x00000007b1880000,0x00000007b3038000,0x00000007b8480000)
  to   space 105472K, 100% used [0x00000007b9380000,0x00000007bfa80000,0x00000007bfa80000)
 ParOldGen       total 2788352K, used 2788349K [0x00000006c0c00000, 0x000000076af00000, 0x000000076af00000)
  object space 2788352K, 99% used [0x00000006c0c00000,0x000000076aeff558,0x000000076af00000)
 Metaspace       used 3441K, capacity 4632K, committed 4864K, reserved 1056768K
  class space    used 350K, capacity 392K, committed 512K, reserved 1048576K
Event: 51136.576 GC heap after
Heap after GC invocations=40665 (full 910):
 PSYoungGen      total 1267200K, used 0K [0x000000076af00000, 0x00000007bfa80000, 0x00000007c0000000)
  eden space 1156608K, 0% used [0x000000076af00000,0x000000076af00000,0x00000007b1880000)
  from space 110592K, 0% used [0x00000007b1880000,0x00000007b1880000,0x00000007b8480000)
  to   space 105472K, 0% used [0x00000007b9380000,0x00000007b9380000,0x00000007bfa80000)
 ParOldGen       total 2788352K, used 1729259K [0x00000006c0c00000, 0x000000076af00000, 0x000000076af00000)
  object space 2788352K, 62% used [0x00000006c0c00000,0x000000072a4baef0,0x000000076af00000)
 Metaspace       used 3441K, capacity 4632K, committed 4864K, reserved 1056768K
  class space    used 350K, capacity 392K, committed 512K, reserved 1048576K
}
Event: 51137.961 GC heap before
{Heap before GC invocations=40666 (full 910):
 PSYoungGen      total 1267200K, used 1156608K [0x000000076af00000, 0x00000007bfa80000, 0x00000007c0000000)
  eden space 1156608K, 100% used [0x000000076af00000,0x00000007b1880000,0x00000007b1880000)
  from space 110592K, 0% used [0x00000007b1880000,0x00000007b1880000,0x00000007b8480000)
  to   space 105472K, 0% used [0x00000007b9380000,0x00000007b9380000,0x00000007bfa80000)
 ParOldGen       total 2788352K, used 1729259K [0x00000006c0c00000, 0x000000076af00000, 0x000000076af00000)
  object space 2788352K, 62% used [0x00000006c0c00000,0x000000072a4baef0,0x000000076af00000)
 Metaspace       used 3441K, capacity 4632K, committed 4864K, reserved 1056768K
  class space    used 350K, capacity 392K, committed 512K, reserved 1048576K
Event: 51137.965 GC heap after
Heap after GC invocations=40666 (full 910):
 PSYoungGen      total 1278464K, used 10400K [0x000000076af00000, 0x00000007bf600000, 0x00000007c0000000)
  eden space 1177600K, 0% used [0x000000076af00000,0x000000076af00000,0x00000007b2d00000)
  from space 100864K, 10% used [0x00000007b9380000,0x00000007b9da8000,0x00000007bf600000)
  to   space 102912K, 0% used [0x00000007b2d00000,0x00000007b2d00000,0x00000007b9180000)
 ParOldGen       total 2788352K, used 1729259K [0x00000006c0c00000, 0x000000076af00000, 0x000000076af00000)
  object space 2788352K, 62% used [0x00000006c0c00000,0x000000072a4baef0,0x000000076af00000)
 Metaspace       used 3441K, capacity 4632K, committed 4864K, reserved 1056768K
  class space    used 350K, capacity 392K, committed 512K, reserved 1048576K
}

Deoptimization events (10 events):
Event: 3481.762 Thread 0x0000000002960800 Uncommon trap: reason=class_check action=maybe_recompile pc=0x0000000002e9f47c method=java.io.Writer.write(Ljava/lang/String;)V @ 7
Event: 3481.763 Thread 0x0000000002960800 Uncommon trap: reason=class_check action=maybe_recompile pc=0x0000000002e9f47c method=java.io.Writer.write(Ljava/lang/String;)V @ 7
Event: 3481.763 Thread 0x0000000002960800 Uncommon trap: reason=class_check action=maybe_recompile pc=0x0000000002e9f47c method=java.io.Writer.write(Ljava/lang/String;)V @ 7
Event: 3481.767 Thread 0x0000000002960800 Uncommon trap: reason=unstable_if action=reinterpret pc=0x0000000002d6aba0 method=sun.nio.cs.UTF_8$Encoder.encodeArrayLoop(Ljava/nio/CharBuffer;Ljava/nio/ByteBuffer;)Ljava/nio/charset/CoderResult; @ 113
Event: 3481.767 Thread 0x0000000002960800 Uncommon trap: reason=unstable_if action=reinterpret pc=0x0000000002e29ef8 method=java.nio.charset.CharsetEncoder.encode(Ljava/nio/CharBuffer;Ljava/nio/ByteBuffer;Z)Ljava/nio/charset/CoderResult; @ 94
Event: 3481.767 Thread 0x0000000002960800 Uncommon trap: reason=class_check action=maybe_recompile pc=0x0000000002d9727c method=sun.nio.cs.StreamEncoder.writeBytes()V @ 120
Event: 3481.773 Thread 0x0000000002960800 Uncommon trap: reason=class_check action=maybe_recompile pc=0x0000000002d9727c method=sun.nio.cs.StreamEncoder.writeBytes()V @ 120
Event: 3481.774 Thread 0x0000000002960800 Uncommon trap: reason=class_check action=maybe_recompile pc=0x0000000002d9727c method=sun.nio.cs.StreamEncoder.writeBytes()V @ 120
Event: 3481.775 Thread 0x0000000002960800 Uncommon trap: reason=class_check action=maybe_recompile pc=0x0000000002d9727c method=sun.nio.cs.StreamEncoder.writeBytes()V @ 120
Event: 4917.226 Thread 0x0000000002960800 Uncommon trap: reason=unstable_if action=reinterpret pc=0x0000000002d03f94 method=sun.misc.FloatingDecimal$BinaryToASCIIBuffer.estimateDecExp(JI)I @ 66

Internal exceptions (4 events):
Event: 0.023 Thread 0x0000000002960800 Exception <a 'java/lang/NoSuchMethodError': Method sun.misc.Unsafe.defineClass(Ljava/lang/String;[BII)Ljava/lang/Class; name or signature does not match> (0x000000076af13010) thrown at [C:\re\workspace\8-2-build-windows-amd64-cygwin\jdk8u60\4407\hotspot\sr‘>Ìî¢—?
Event: 0.023 Thread 0x0000000002960800 Exception <a 'java/lang/NoSuchMethodError': Method sun.misc.Unsafe.prefetchRead(Ljava/lang/Object;J)V name or signature does not match> (0x000000076af132f8) thrown at [C:\re\workspace\8-2-build-windows-amd64-cygwin\jdk8u60\4407\hotspot\src\share\vm\prims\j¼„²£‹*@
Event: 13.273 Thread 0x0000000002960800 Implicit null exception at 0x0000000002e347d8 to 0x0000000002e34bc1
Event: 51138.270 Thread 0x000000001f2d0800 Implicit null exception at 0x0000000002fcbd91 to 0x0000000000000000

Events (10 events):
Event: 51135.628 Executing VM operation: RevokeBias
Event: 51135.628 Executing VM operation: RevokeBias done
Event: 51135.628 Thread 0x000000001f2d0800 Thread exited: 0x000000001f2d0800
Event: 51135.628 Thread 0x000000001f2d0000 Thread exited: 0x000000001f2d0000
Event: 51135.702 Thread 0x000000001f2d0800 Thread added: 0x000000001f2d0800
Event: 51135.702 Thread 0x000000001f2d0000 Thread added: 0x000000001f2d0000
Event: 51136.115 Executing VM operation: ParallelGCFailedAllocation
Event: 51136.576 Executing VM operation: ParallelGCFailedAllocation done
Event: 51137.961 Executing VM operation: ParallelGCFailedAllocation
Event: 51137.965 Executing VM operation: ParallelGCFailedAllocation done


Dynamic libraries:
0x00007ff791f30000 - 0x00007ff791f67000 	C:\Program Files\Java\jre1.8.0_60\bin\javaw.exe
0x00007ff92ff10000 - 0x00007ff9300bc000 	C:\Windows\SYSTEM32\ntdll.dll
0x00007ff92dd40000 - 0x00007ff92de7e000 	C:\Windows\system32\KERNEL32.DLL
0x00007ff92d320000 - 0x00007ff92d435000 	C:\Windows\system32\KERNELBASE.dll
0x00007ff92bc10000 - 0x00007ff92bc9e000 	C:\Windows\system32\apphelp.dll
0x00007ff9219f0000 - 0x00007ff921a43000 	C:\Windows\AppPatch\AppPatch64\AcGenral.DLL
0x00007ff92dc50000 - 0x00007ff92dcfa000 	C:\Windows\system32\msvcrt.dll
0x00007ff92ce90000 - 0x00007ff92cebe000 	C:\Windows\SYSTEM32\SspiCli.dll
0x00007ff92d750000 - 0x00007ff92d7a4000 	C:\Windows\system32\SHLWAPI.dll
0x00007ff92fbc0000 - 0x00007ff92fd37000 	C:\Windows\system32\USER32.dll
0x00007ff92fd70000 - 0x00007ff92ff04000 	C:\Windows\system32\ole32.dll
0x00007ff92e480000 - 0x00007ff92f999000 	C:\Windows\system32\SHELL32.dll
0x00007ff92c700000 - 0x00007ff92c721000 	C:\Windows\SYSTEM32\USERENV.dll
0x00007ff92e280000 - 0x00007ff92e32a000 	C:\Windows\system32\ADVAPI32.dll
0x00007ff91f110000 - 0x00007ff91f12e000 	C:\Windows\SYSTEM32\MPR.dll
0x00007ff92d840000 - 0x00007ff92d981000 	C:\Windows\system32\RPCRT4.dll
0x00007ff92dbf0000 - 0x00007ff92dc49000 	C:\Windows\SYSTEM32\sechost.dll
0x00007ff92f9a0000 - 0x00007ff92fbb1000 	C:\Windows\SYSTEM32\combase.dll
0x00007ff92e330000 - 0x00007ff92e47f000 	C:\Windows\system32\GDI32.dll
0x00007ff92d070000 - 0x00007ff92d085000 	C:\Windows\SYSTEM32\profapi.dll
0x00007ff92b8a0000 - 0x00007ff92b952000 	C:\Windows\SYSTEM32\SHCORE.dll
0x00007ff92dd00000 - 0x00007ff92dd36000 	C:\Windows\system32\IMM32.DLL
0x00007ff92e060000 - 0x00007ff92e1b2000 	C:\Windows\system32\MSCTF.dll
0x00007ff92b130000 - 0x00007ff92b3aa000 	C:\Windows\WinSxS\amd64_microsoft.windows.common-controls_6595b64144ccf1df_6.0.9600.17810_none_6240b9c7ecbd0bda\COMCTL32.dll
0x0000000066750000 - 0x0000000066822000 	C:\Program Files\Java\jre1.8.0_60\bin\msvcr100.dll
0x0000000066830000 - 0x00000000670b9000 	C:\Program Files\Java\jre1.8.0_60\bin\server\jvm.dll
0x00007ff924cb0000 - 0x00007ff924cb9000 	C:\Windows\SYSTEM32\WSOCK32.dll
0x00007ff92a6d0000 - 0x00007ff92a6f2000 	C:\Windows\SYSTEM32\WINMM.dll
0x00007ff92a700000 - 0x00007ff92a70a000 	C:\Windows\SYSTEM32\VERSION.dll
0x00007ff92d810000 - 0x00007ff92d817000 	C:\Windows\system32\PSAPI.DLL
0x00007ff92db90000 - 0x00007ff92dbea000 	C:\Windows\system32\WS2_32.dll
0x00007ff92a670000 - 0x00007ff92a69a000 	C:\Windows\SYSTEM32\WINMMBASE.dll
0x00007ff92fd40000 - 0x00007ff92fd49000 	C:\Windows\system32\NSI.dll
0x00007ff92d4a0000 - 0x00007ff92d4ef000 	C:\Windows\SYSTEM32\cfgmgr32.dll
0x00007ff92be70000 - 0x00007ff92be98000 	C:\Windows\SYSTEM32\DEVOBJ.dll
0x00000000677e0000 - 0x00000000677ef000 	C:\Program Files\Java\jre1.8.0_60\bin\verify.dll
0x00000000677b0000 - 0x00000000677d9000 	C:\Program Files\Java\jre1.8.0_60\bin\java.dll
0x0000000067790000 - 0x00000000677a6000 	C:\Program Files\Java\jre1.8.0_60\bin\zip.dll
0x00007ff927c30000 - 0x00007ff927db9000 	C:\Windows\SYSTEM32\dbghelp.dll

VM Arguments:
jvm_args: -Dfile.encoding=UTF-8 
java_command: kr.kaist.sentence.embedding.execution.ModelTrainer -vect_file data/all_wordvector.txt -term_file data/all_vocabulary.txt -Q 1.25 -dimension 50 -input_dir data/test -thread 2 -result_file data/result_
java_class_path (initial): D:\WorkSpace\SentenceEmbedding\bin
Launcher Type: SUN_STANDARD

Environment Variables:
JAVA_HOME=C:\Program Files\Java\jdk1.8.0_25
PATH=C:/Program Files/Java/jre1.8.0_60/bin/server;C:/Program Files/Java/jre1.8.0_60/bin;C:/Program Files/Java/jre1.8.0_60/lib/amd64;C:\ProgramData\Oracle\Java\javapath;C:\Python27\;C:\Program Files (x86)\Intel\iCLS Client\;C:\Program Files\Intel\iCLS Client\;C:\Windows\system32;C:\Windows;C:\Windows\System32\Wbem;C:\Windows\System32\WindowsPowerShell\v1.0\;C:\Program Files\Intel\Intel(R) Management Engine Components\DAL;C:\Program Files\Intel\Intel(R) Management Engine Components\IPT;C:\Program Files (x86)\Intel\Intel(R) Management Engine Components\DAL;C:\Program Files (x86)\Intel\Intel(R) Management Engine Components\IPT;C:\Python27;C:\Program Files (x86)\scala\bin;C:\Python27\Scripts;C:\Program Files\Java\jdk1.8.0_25\bin;C:\Program Files\Java\jdk1.8.0_25\lib;;C:\Program Files (x86)\NVIDIA Corporation\PhysX\Common;C:\Program Files\Bandizip\7z;D:\eclipse;
USERNAME=Via Dolorosa
OS=Windows_NT
PROCESSOR_IDENTIFIER=Intel64 Family 6 Model 58 Stepping 9, GenuineIntel



---------------  S Y S T E M  ---------------

OS: Windows 8.1 , 64 bit Build 9600 (6.3.9600.17415)

CPU:total 8 (4 cores per cpu, 2 threads per core) family 6 model 58 stepping 9, cmov, cx8, fxsr, mmx, sse, sse2, sse3, ssse3, sse4.1, sse4.2, popcnt, avx, aes, clmul, erms, ht, tsc, tscinvbit, tscinv

Memory: 4k page, physical 16720432k(6894992k free), swap 19210800k(4630072k free)

vm_info: Java HotSpot(TM) 64-Bit Server VM (25.60-b23) for windows-amd64 JRE (1.8.0_60-b27), built on Aug  4 2015 11:06:27 by "java_re" with MS VC++ 10.0 (VS2010)

time: Fri Sep 25 14:02:40 2015
elapsed time: 51138 seconds (0d 14h 12m 18s)

