#
# A fatal error has been detected by the Java Runtime Environment:
#
#  EXCEPTION_ACCESS_VIOLATION (0xc0000005) at pc=0x0000000066c22153, pid=22128, tid=12820
#
# JRE version: Java(TM) SE Runtime Environment (8.0_60-b27) (build 1.8.0_60-b27)
# Java VM: Java HotSpot(TM) 64-Bit Server VM (25.60-b23 mixed mode windows-amd64 compressed oops)
# Problematic frame:
# V  [jvm.dll+0x3f2153]
#
# Failed to write core dump. Minidumps are not enabled by default on client versions of Windows
#
# If you would like to submit a bug report, please visit:
#   http://bugreport.java.com/bugreport/crash.jsp
#

---------------  T H R E A D  ---------------

Current thread (0x0000000002f0c800):  GCTaskThread [stack: 0x0000000013410000,0x0000000013510000] [id=12820]

siginfo: ExceptionCode=0xc0000005, reading address 0x0000172000000000

Registers:
RAX=0x000000000001a3c9, RBX=0x000000000001a3eb, RCX=0x0000172000000000, RDX=0x0000000002fe1a00
RSP=0x000000001350fb50, RBP=0x0000000000000000, RSI=0x0000000002fe1a00, RDI=0x00d063520001a3c9
R8 =0x00000006f6aca638, R9 =0x0000172000000000, R10=0x000000000000000c, R11=0x000000000001a3ec
R12=0x0000000066e795d8, R13=0x0000000002efd690, R14=0x0000000002f0ca30, R15=0x0000000000000000
RIP=0x0000000066c22153, EFLAGS=0x0000000000010206

Top of Stack: (sp=0x000000001350fb50)
0x000000001350fb50:   000000001d853fa0 0000000000000000
0x000000001350fb60:   0000000002fe1a00 0000000066e795d8
0x000000001350fb70:   00d063510001a3c9 00d063520001a3c9
0x000000001350fb80:   000000006703a5b0 0000000000000004
0x000000001350fb90:   0000000700000000 00d8cfe600015ca7
0x000000001350fba0:   00000006c4aac044 0000000066943156
0x000000001350fbb0:   00000006c4ac1c58 0000000002efd690
0x000000001350fbc0:   0000000002f0ca40 0000000002f0ca30
0x000000001350fbd0:   0000000066e795d8 0000000000000003
0x000000001350fbe0:   000000001fa86760 0000000000000000
0x000000001350fbf0:   0000000002fe1a00 0000000066c1fa9f
0x000000001350fc00:   00000006f69220f8 00d063510001a3c9
0x000000001350fc10:   00d063520001a3c9 0000000066e795d8
0x000000001350fc20:   0000000000000000 0000000000000000
0x000000001350fc30:   000000001fa86760 0000000066c1cfae
0x000000001350fc40:   0000000044a8d005 0000000002f0c800 

Instructions: (pc=0x0000000066c22153)
0x0000000066c22133:   39 a9 3c 00 48 3b c3 75 51 44 38 3d 2e e1 40 00
0x0000000066c22143:   4c 8b 84 24 b0 00 00 00 74 28 8b 0d 3d 36 3a 00
0x0000000066c22153:   45 8b 48 08 48 8b d6 49 d3 e1 4c 03 0d 24 36 3a
0x0000000066c22163:   00 49 8b c9 49 8b 01 ff 90 08 01 00 00 e9 1b ff 


Register to memory mapping:

RAX=0x000000000001a3c9 is an unknown value
RBX=0x000000000001a3eb is an unknown value
RCX=0x0000172000000000 is an unknown value
RDX=0x0000000002fe1a00 is an unknown value
RSP=0x000000001350fb50 is an unknown value
RBP=0x0000000000000000 is an unknown value
RSI=0x0000000002fe1a00 is an unknown value
RDI=0x00d063520001a3c9 is an unknown value
R8 =0x00000006f6aca638 is an oop
[D 
 - klass: {type array double}
 - length: 50
R9 =0x0000172000000000 is an unknown value
R10=0x000000000000000c is an unknown value
R11=0x000000000001a3ec is an unknown value
R12=0x0000000066e795d8 is an unknown value
R13=0x0000000002efd690 is an unknown value
R14=0x0000000002f0ca30 is an unknown value
R15=0x0000000000000000 is an unknown value


Stack: [0x0000000013410000,0x0000000013510000],  sp=0x000000001350fb50,  free space=1022k
Native frames: (J=compiled Java code, j=interpreted, Vv=VM code, C=native code)


---------------  P R O C E S S  ---------------

Java Threads: ( => current thread )
  0x000000001eb19000 JavaThread "pool-205-thread-2" [_thread_blocked, id=8784, stack(0x0000000021f80000,0x0000000022080000)]
  0x000000001eb16000 JavaThread "pool-205-thread-1" [_thread_blocked, id=13288, stack(0x0000000020e50000,0x0000000020f50000)]
  0x000000001eba0800 JavaThread "Service Thread" daemon [_thread_blocked, id=12496, stack(0x000000001f480000,0x000000001f580000)]
  0x000000001eb17800 JavaThread "C1 CompilerThread3" daemon [_thread_blocked, id=10772, stack(0x000000001f380000,0x000000001f480000)]
  0x000000001eb0f800 JavaThread "C2 CompilerThread2" daemon [_thread_blocked, id=17260, stack(0x000000001f280000,0x000000001f380000)]
  0x000000001eb0a000 JavaThread "C2 CompilerThread1" daemon [_thread_blocked, id=15100, stack(0x000000001f180000,0x000000001f280000)]
  0x000000001eb04800 JavaThread "C2 CompilerThread0" daemon [_thread_blocked, id=7668, stack(0x000000001f080000,0x000000001f180000)]
  0x000000001eb03000 JavaThread "Attach Listener" daemon [_thread_blocked, id=8832, stack(0x000000001ef80000,0x000000001f080000)]
  0x000000001eb02800 JavaThread "Signal Dispatcher" daemon [_thread_blocked, id=23488, stack(0x000000001ee80000,0x000000001ef80000)]
  0x000000001ca9d800 JavaThread "Finalizer" daemon [_thread_blocked, id=5048, stack(0x000000001e980000,0x000000001ea80000)]
  0x000000001ca9c800 JavaThread "Reference Handler" daemon [_thread_blocked, id=9104, stack(0x000000001e880000,0x000000001e980000)]
  0x0000000002ef0800 JavaThread "main" [_thread_blocked, id=18180, stack(0x0000000002df0000,0x0000000002ef0000)]

Other Threads:
  0x000000001ca9a000 VMThread [stack: 0x000000001e780000,0x000000001e880000] [id=6108]
  0x000000001ec1f000 WatcherThread [stack: 0x000000001f580000,0x000000001f680000] [id=19124]

=>0x0000000002f0c800 (exited) GCTaskThread [stack: 0x0000000013410000,0x0000000013510000] [id=12820]

VM state:at safepoint (normal execution)

VM Mutex/Monitor currently owned by a thread:  ([mutex/lock_event])
[0x0000000002debf30] Threads_lock - owner thread: 0x000000001ca9a000
[0x0000000002deca30] Heap_lock - owner thread: 0x000000001eb16000

Heap:
 PSYoungGen      total 929280K, used 464896K [0x000000076af00000, 0x00000007c0000000, 0x00000007c0000000)
  eden space 464896K, 100% used [0x000000076af00000,0x0000000787500000,0x0000000787500000)
  from space 464384K, 0% used [0x0000000787500000,0x0000000787500000,0x00000007a3a80000)
  to   space 464384K, 0% used [0x00000007a3a80000,0x00000007a3a80000,0x00000007c0000000)
 ParOldGen       total 2788352K, used 2788042K [0x00000006c0c00000, 0x000000076af00000, 0x000000076af00000)
  object space 2788352K, 99% used [0x00000006c0c00000,0x000000076aeb2918,0x000000076af00000)
 Metaspace       used 3421K, capacity 4632K, committed 4864K, reserved 1056768K
  class space    used 350K, capacity 392K, committed 512K, reserved 1048576K

Card table byte_map: [0x00000000123b0000,0x0000000012bb0000] byte_map_base: 0x000000000edaa000

Marking Bits: (ParMarkBitMap*) 0x000000006703a5b0
 Begin Bits: [0x0000000013910000, 0x00000000178e0000)
 End Bits:   [0x00000000178e0000, 0x000000001b8b0000)

Polling page: 0x0000000001250000

CodeCache: size=245760Kb used=3001Kb max_used=4247Kb free=242758Kb
 bounds [0x0000000002ff0000, 0x0000000003420000, 0x0000000011ff0000]
 total_blobs=841 nmethods=590 adapters=164
 compilation: enabled

Compilation events (10 events):
Event: 5094.983 Thread 0x000000001eb17800  818       3       java.util.concurrent.ThreadPoolExecutor::decrementWorkerCount (15 bytes)
Event: 5094.984 Thread 0x000000001eb17800 nmethod 818 0x00000000031aafd0 code [0x00000000031ab140, 0x00000000031ab530]
Event: 5094.984 Thread 0x000000001eb17800  817       3       java.lang.InterruptedException::<init> (5 bytes)
Event: 5094.984 Thread 0x000000001eb17800 nmethod 817 0x0000000003413650 code [0x00000000034137e0, 0x0000000003413b68]
Event: 5096.060 Thread 0x000000001eb17800  819   !   3       java.lang.ThreadGroup::threadTerminated (63 bytes)
Event: 5096.061 Thread 0x000000001eb17800 nmethod 819 0x0000000003412d90 code [0x0000000003412f20, 0x00000000034134e8]
Event: 5098.058 Thread 0x000000001eb17800  820       3       java.lang.Thread::exit (51 bytes)
Event: 5098.058 Thread 0x000000001eb17800 nmethod 820 0x00000000033fad50 code [0x00000000033faec0, 0x00000000033fb168]
Event: 5250.106 Thread 0x000000001eb0a000  821   !   4       java.util.concurrent.ThreadPoolExecutor::runWorker (225 bytes)
Event: 5250.117 Thread 0x000000001eb0a000 nmethod 821 0x0000000003216810 code [0x0000000003216a60, 0x0000000003217568]

GC Heap History (10 events):
Event: 5627.184 GC heap after
Heap after GC invocations=5649 (full 1743):
 PSYoungGen      total 929280K, used 120987K [0x000000076af00000, 0x00000007c0000000, 0x00000007c0000000)
  eden space 464896K, 26% used [0x000000076af00000,0x0000000772526f48,0x0000000787500000)
  from space 464384K, 0% used [0x0000000787500000,0x0000000787500000,0x00000007a3a80000)
  to   space 464384K, 0% used [0x00000007a3a80000,0x00000007a3a80000,0x00000007c0000000)
 ParOldGen       total 2788352K, used 2788068K [0x00000006c0c00000, 0x000000076af00000, 0x000000076af00000)
  object space 2788352K, 99% used [0x00000006c0c00000,0x000000076aeb9048,0x000000076af00000)
 Metaspace       used 3421K, capacity 4632K, committed 4864K, reserved 1056768K
  class space    used 350K, capacity 392K, committed 512K, reserved 1048576K
}
Event: 5627.586 GC heap before
{Heap before GC invocations=5650 (full 1744):
 PSYoungGen      total 929280K, used 464896K [0x000000076af00000, 0x00000007c0000000, 0x00000007c0000000)
  eden space 464896K, 100% used [0x000000076af00000,0x0000000787500000,0x0000000787500000)
  from space 464384K, 0% used [0x0000000787500000,0x0000000787500000,0x00000007a3a80000)
  to   space 464384K, 0% used [0x00000007a3a80000,0x00000007a3a80000,0x00000007c0000000)
 ParOldGen       total 2788352K, used 2788068K [0x00000006c0c00000, 0x000000076af00000, 0x000000076af00000)
  object space 2788352K, 99% used [0x00000006c0c00000,0x000000076aeb9048,0x000000076af00000)
 Metaspace       used 3421K, capacity 4632K, committed 4864K, reserved 1056768K
  class space    used 350K, capacity 392K, committed 512K, reserved 1048576K
Event: 5628.451 GC heap after
Heap after GC invocations=5650 (full 1744):
 PSYoungGen      total 929280K, used 123046K [0x000000076af00000, 0x00000007c0000000, 0x00000007c0000000)
  eden space 464896K, 26% used [0x000000076af00000,0x0000000772729ba0,0x0000000787500000)
  from space 464384K, 0% used [0x0000000787500000,0x0000000787500000,0x00000007a3a80000)
  to   space 464384K, 0% used [0x00000007a3a80000,0x00000007a3a80000,0x00000007c0000000)
 ParOldGen       total 2788352K, used 2788060K [0x00000006c0c00000, 0x000000076af00000, 0x000000076af00000)
  object space 2788352K, 99% used [0x00000006c0c00000,0x000000076aeb7140,0x000000076af00000)
 Metaspace       used 3421K, capacity 4632K, committed 4864K, reserved 1056768K
  class space    used 350K, capacity 392K, committed 512K, reserved 1048576K
}
Event: 5628.850 GC heap before
{Heap before GC invocations=5651 (full 1745):
 PSYoungGen      total 929280K, used 464896K [0x000000076af00000, 0x00000007c0000000, 0x00000007c0000000)
  eden space 464896K, 100% used [0x000000076af00000,0x0000000787500000,0x0000000787500000)
  from space 464384K, 0% used [0x0000000787500000,0x0000000787500000,0x00000007a3a80000)
  to   space 464384K, 0% used [0x00000007a3a80000,0x00000007a3a80000,0x00000007c0000000)
 ParOldGen       total 2788352K, used 2788060K [0x00000006c0c00000, 0x000000076af00000, 0x000000076af00000)
  object space 2788352K, 99% used [0x00000006c0c00000,0x000000076aeb7140,0x000000076af00000)
 Metaspace       used 3421K, capacity 4632K, committed 4864K, reserved 1056768K
  class space    used 350K, capacity 392K, committed 512K, reserved 1048576K
Event: 5629.613 GC heap after
Heap after GC invocations=5651 (full 1745):
 PSYoungGen      total 929280K, used 125119K [0x000000076af00000, 0x00000007c0000000, 0x00000007c0000000)
  eden space 464896K, 26% used [0x000000076af00000,0x000000077292ff38,0x0000000787500000)
  from space 464384K, 0% used [0x0000000787500000,0x0000000787500000,0x00000007a3a80000)
  to   space 464384K, 0% used [0x00000007a3a80000,0x00000007a3a80000,0x00000007c0000000)
 ParOldGen       total 2788352K, used 2788038K [0x00000006c0c00000, 0x000000076af00000, 0x000000076af00000)
  object space 2788352K, 99% used [0x00000006c0c00000,0x000000076aeb1af8,0x000000076af00000)
 Metaspace       used 3421K, capacity 4632K, committed 4864K, reserved 1056768K
  class space    used 350K, capacity 392K, committed 512K, reserved 1048576K
}
Event: 5629.992 GC heap before
{Heap before GC invocations=5652 (full 1746):
 PSYoungGen      total 929280K, used 464896K [0x000000076af00000, 0x00000007c0000000, 0x00000007c0000000)
  eden space 464896K, 100% used [0x000000076af00000,0x0000000787500000,0x0000000787500000)
  from space 464384K, 0% used [0x0000000787500000,0x0000000787500000,0x00000007a3a80000)
  to   space 464384K, 0% used [0x00000007a3a80000,0x00000007a3a80000,0x00000007c0000000)
 ParOldGen       total 2788352K, used 2788038K [0x00000006c0c00000, 0x000000076af00000, 0x000000076af00000)
  object space 2788352K, 99% used [0x00000006c0c00000,0x000000076aeb1af8,0x000000076af00000)
 Metaspace       used 3421K, capacity 4632K, committed 4864K, reserved 1056768K
  class space    used 350K, capacity 392K, committed 512K, reserved 1048576K
Event: 5630.607 GC heap after
Heap after GC invocations=5652 (full 1746):
 PSYoungGen      total 929280K, used 123131K [0x000000076af00000, 0x00000007c0000000, 0x00000007c0000000)
  eden space 464896K, 26% used [0x000000076af00000,0x000000077273ec00,0x0000000787500000)
  from space 464384K, 0% used [0x0000000787500000,0x0000000787500000,0x00000007a3a80000)
  to   space 464384K, 0% used [0x00000007a3a80000,0x00000007a3a80000,0x00000007c0000000)
 ParOldGen       total 2788352K, used 2788056K [0x00000006c0c00000, 0x000000076af00000, 0x000000076af00000)
  object space 2788352K, 99% used [0x00000006c0c00000,0x000000076aeb6220,0x000000076af00000)
 Metaspace       used 3421K, capacity 4632K, committed 4864K, reserved 1056768K
  class space    used 350K, capacity 392K, committed 512K, reserved 1048576K
}
Event: 5631.016 GC heap before
{Heap before GC invocations=5653 (full 1747):
 PSYoungGen      total 929280K, used 464896K [0x000000076af00000, 0x00000007c0000000, 0x00000007c0000000)
  eden space 464896K, 100% used [0x000000076af00000,0x0000000787500000,0x0000000787500000)
  from space 464384K, 0% used [0x0000000787500000,0x0000000787500000,0x00000007a3a80000)
  to   space 464384K, 0% used [0x00000007a3a80000,0x00000007a3a80000,0x00000007c0000000)
 ParOldGen       total 2788352K, used 2788056K [0x00000006c0c00000, 0x000000076af00000, 0x000000076af00000)
  object space 2788352K, 99% used [0x00000006c0c00000,0x000000076aeb6220,0x000000076af00000)
 Metaspace       used 3421K, capacity 4632K, committed 4864K, reserved 1056768K
  class space    used 350K, capacity 392K, committed 512K, reserved 1048576K
Event: 5631.622 GC heap after
Heap after GC invocations=5653 (full 1747):
 PSYoungGen      total 929280K, used 125196K [0x000000076af00000, 0x00000007c0000000, 0x00000007c0000000)
  eden space 464896K, 26% used [0x000000076af00000,0x0000000772943258,0x0000000787500000)
  from space 464384K, 0% used [0x0000000787500000,0x0000000787500000,0x00000007a3a80000)
  to   space 464384K, 0% used [0x00000007a3a80000,0x00000007a3a80000,0x00000007c0000000)
 ParOldGen       total 2788352K, used 2788042K [0x00000006c0c00000, 0x000000076af00000, 0x000000076af00000)
  object space 2788352K, 99% used [0x00000006c0c00000,0x000000076aeb2918,0x000000076af00000)
 Metaspace       used 3421K, capacity 4632K, committed 4864K, reserved 1056768K
  class space    used 350K, capacity 392K, committed 512K, reserved 1048576K
}
Event: 5632.007 GC heap before
{Heap before GC invocations=5654 (full 1748):
 PSYoungGen      total 929280K, used 464896K [0x000000076af00000, 0x00000007c0000000, 0x00000007c0000000)
  eden space 464896K, 100% used [0x000000076af00000,0x0000000787500000,0x0000000787500000)
  from space 464384K, 0% used [0x0000000787500000,0x0000000787500000,0x00000007a3a80000)
  to   space 464384K, 0% used [0x00000007a3a80000,0x00000007a3a80000,0x00000007c0000000)
 ParOldGen       total 2788352K, used 2788042K [0x00000006c0c00000, 0x000000076af00000, 0x000000076af00000)
  object space 2788352K, 99% used [0x00000006c0c00000,0x000000076aeb2918,0x000000076af00000)
 Metaspace       used 3421K, capacity 4632K, committed 4864K, reserved 1056768K
  class space    used 350K, capacity 392K, committed 512K, reserved 1048576K

Deoptimization events (10 events):
Event: 64.074 Thread 0x000000001fa84800 Uncommon trap: reason=class_check action=maybe_recompile pc=0x00000000032882e4 method=java.util.AbstractCollection.isEmpty()Z @ 1
Event: 64.638 Thread 0x000000001fa85000 Uncommon trap: reason=predicate action=maybe_recompile pc=0x00000000032e6aec method=java.util.Vector.indexOf(Ljava/lang/Object;I)I @ 44
Event: 64.638 Thread 0x000000001f832800 Uncommon trap: reason=predicate action=maybe_recompile pc=0x00000000032e6aec method=java.util.Vector.indexOf(Ljava/lang/Object;I)I @ 44
Event: 64.642 Thread 0x000000001fa85000 Uncommon trap: reason=predicate action=maybe_recompile pc=0x00000000032921fc method=java.util.Vector.indexOf(Ljava/lang/Object;I)I @ 44
Event: 64.643 Thread 0x000000001f832800 Uncommon trap: reason=predicate action=maybe_recompile pc=0x00000000032921fc method=java.util.Vector.indexOf(Ljava/lang/Object;I)I @ 44
Event: 64.671 Thread 0x000000001f832800 Uncommon trap: reason=unreached action=reinterpret pc=0x000000000317d7c0 method=kr.kaist.sentence.embedding.execution.ModelTrainer$GradientDecentCalculator.getGradientDecentDerivativeWeightMatrix(Lkr/kaist/sentence/embedding/structure/Tree;Lkr/kaist/sentenÓ=å‰ì*P@
Event: 64.671 Thread 0x000000001fa85000 Uncommon trap: reason=unreached action=reinterpret pc=0x000000000317d7c0 method=kr.kaist.sentence.embedding.execution.ModelTrainer$GradientDecentCalculator.getGradientDecentDerivativeWeightMatrix(Lkr/kaist/sentence/embedding/structure/Tree;Lkr/kaist/sentendÿ—>—P@
Event: 66.363 Thread 0x0000000002ef0800 Uncommon trap: reason=unreached action=reinterpret pc=0x000000000319af54 method=kr.kaist.sentence.embedding.execution.ModelTrainer.gradientDecent(I)V @ 360
Event: 506.796 Thread 0x0000000002ef0800 Uncommon trap: reason=unstable_if action=reinterpret pc=0x000000000314259c method=java.util.concurrent.FutureTask.awaitDone(ZJ)I @ 55
Event: 3750.096 Thread 0x0000000002ef0800 Uncommon trap: reason=unstable_if action=reinterpret pc=0x00000000033a2c78 method=sun.nio.cs.UTF_8$Encoder.encodeArrayLoop(Ljava/nio/CharBuffer;Ljava/nio/ByteBuffer;)Ljava/nio/charset/CoderResult; @ 113

Internal exceptions (3 events):
Event: 0.022 Thread 0x0000000002ef0800 Exception <a 'java/lang/NoSuchMethodError': Method sun.misc.Unsafe.defineClass(Ljava/lang/String;[BII)Ljava/lang/Class; name or signature does not match> (0x000000076af13080) thrown at [C:\re\workspace\8-2-build-windows-amd64-cygwin\jdk8u60\4407\hotspot\sr
Ûâ6˜–?
Event: 0.022 Thread 0x0000000002ef0800 Exception <a 'java/lang/NoSuchMethodError': Method sun.misc.Unsafe.prefetchRead(Ljava/lang/Object;J)V name or signature does not match> (0x000000076af13368) thrown at [C:\re\workspace\8-2-build-windows-amd64-cygwin\jdk8u60\4407\hotspot\src\share\vm\prims\jotú#9Œ @
Event: 8.274 Thread 0x0000000002ef0800 Implicit null exception at 0x000000000328da18 to 0x000000000328de01

Events (10 events):
Event: 5627.184 Executing VM operation: ParallelGCFailedAllocation done
Event: 5627.586 Executing VM operation: ParallelGCFailedAllocation
Event: 5628.451 Executing VM operation: ParallelGCFailedAllocation done
Event: 5628.850 Executing VM operation: ParallelGCFailedAllocation
Event: 5629.613 Executing VM operation: ParallelGCFailedAllocation done
Event: 5629.992 Executing VM operation: ParallelGCFailedAllocation
Event: 5630.607 Executing VM operation: ParallelGCFailedAllocation done
Event: 5631.016 Executing VM operation: ParallelGCFailedAllocation
Event: 5631.622 Executing VM operation: ParallelGCFailedAllocation done
Event: 5632.007 Executing VM operation: ParallelGCFailedAllocation


Dynamic libraries:
0x00007ff791f30000 - 0x00007ff791f67000 	C:\Program Files\Java\jre1.8.0_60\bin\javaw.exe
0x00007ff92ff10000 - 0x00007ff9300bc000 	C:\Windows\SYSTEM32\ntdll.dll
0x00007ff92dd40000 - 0x00007ff92de7e000 	C:\Windows\system32\KERNEL32.DLL
0x00007ff92d320000 - 0x00007ff92d435000 	C:\Windows\system32\KERNELBASE.dll
0x00007ff92bc10000 - 0x00007ff92bc9e000 	C:\Windows\system32\apphelp.dll
0x00007ff9233c0000 - 0x00007ff923413000 	C:\Windows\AppPatch\AppPatch64\AcGenral.DLL
0x00007ff92dc50000 - 0x00007ff92dcfa000 	C:\Windows\system32\msvcrt.dll
0x00007ff92ce90000 - 0x00007ff92cebe000 	C:\Windows\SYSTEM32\SspiCli.dll
0x00007ff92d750000 - 0x00007ff92d7a4000 	C:\Windows\system32\SHLWAPI.dll
0x00007ff92fbc0000 - 0x00007ff92fd37000 	C:\Windows\system32\USER32.dll
0x00007ff92fd70000 - 0x00007ff92ff04000 	C:\Windows\system32\ole32.dll
0x00007ff92e480000 - 0x00007ff92f999000 	C:\Windows\system32\SHELL32.dll
0x00007ff92c700000 - 0x00007ff92c721000 	C:\Windows\SYSTEM32\USERENV.dll
0x00007ff92e280000 - 0x00007ff92e32a000 	C:\Windows\system32\ADVAPI32.dll
0x00007ff91f110000 - 0x00007ff91f12e000 	C:\Windows\SYSTEM32\MPR.dll
0x00007ff92d840000 - 0x00007ff92d981000 	C:\Windows\system32\RPCRT4.dll
0x00007ff92dbf0000 - 0x00007ff92dc49000 	C:\Windows\SYSTEM32\sechost.dll
0x00007ff92f9a0000 - 0x00007ff92fbb1000 	C:\Windows\SYSTEM32\combase.dll
0x00007ff92e330000 - 0x00007ff92e47f000 	C:\Windows\system32\GDI32.dll
0x00007ff92d070000 - 0x00007ff92d085000 	C:\Windows\SYSTEM32\profapi.dll
0x00007ff92b8a0000 - 0x00007ff92b952000 	C:\Windows\SYSTEM32\SHCORE.dll
0x00007ff92dd00000 - 0x00007ff92dd36000 	C:\Windows\system32\IMM32.DLL
0x00007ff92e060000 - 0x00007ff92e1b2000 	C:\Windows\system32\MSCTF.dll
0x00007ff92b130000 - 0x00007ff92b3aa000 	C:\Windows\WinSxS\amd64_microsoft.windows.common-controls_6595b64144ccf1df_6.0.9600.17810_none_6240b9c7ecbd0bda\COMCTL32.dll
0x0000000066670000 - 0x0000000066742000 	C:\Program Files\Java\jre1.8.0_60\bin\msvcr100.dll
0x0000000066830000 - 0x00000000670b9000 	C:\Program Files\Java\jre1.8.0_60\bin\server\jvm.dll
0x00007ff924cb0000 - 0x00007ff924cb9000 	C:\Windows\SYSTEM32\WSOCK32.dll
0x00007ff92a6d0000 - 0x00007ff92a6f2000 	C:\Windows\SYSTEM32\WINMM.dll
0x00007ff92a700000 - 0x00007ff92a70a000 	C:\Windows\SYSTEM32\VERSION.dll
0x00007ff92d810000 - 0x00007ff92d817000 	C:\Windows\system32\PSAPI.DLL
0x00007ff92db90000 - 0x00007ff92dbea000 	C:\Windows\system32\WS2_32.dll
0x00007ff92a670000 - 0x00007ff92a69a000 	C:\Windows\SYSTEM32\WINMMBASE.dll
0x00007ff92fd40000 - 0x00007ff92fd49000 	C:\Windows\system32\NSI.dll
0x00007ff92d4a0000 - 0x00007ff92d4ef000 	C:\Windows\SYSTEM32\cfgmgr32.dll
0x00007ff92be70000 - 0x00007ff92be98000 	C:\Windows\SYSTEM32\DEVOBJ.dll
0x00000000677e0000 - 0x00000000677ef000 	C:\Program Files\Java\jre1.8.0_60\bin\verify.dll
0x00000000677b0000 - 0x00000000677d9000 	C:\Program Files\Java\jre1.8.0_60\bin\java.dll
0x0000000067790000 - 0x00000000677a6000 	C:\Program Files\Java\jre1.8.0_60\bin\zip.dll
0x00007ff927c30000 - 0x00007ff927db9000 	C:\Windows\SYSTEM32\dbghelp.dll

VM Arguments:
jvm_args: -Dfile.encoding=UTF-8 
java_command: kr.kaist.sentence.embedding.execution.ModelTrainer -vect_file data/all_wordvector.txt -term_file data/all_vocabulary.txt -Q 1.25 -dimension 50 -input_dir data/test -thread 2 -result_file data/result_
java_class_path (initial): D:\WorkSpace\SentenceEmbedding\bin
Launcher Type: SUN_STANDARD

Environment Variables:
JAVA_HOME=C:\Program Files\Java\jdk1.8.0_25
PATH=C:/Program Files/Java/jre1.8.0_60/bin/server;C:/Program Files/Java/jre1.8.0_60/bin;C:/Program Files/Java/jre1.8.0_60/lib/amd64;C:\ProgramData\Oracle\Java\javapath;C:\Python27\;C:\Program Files (x86)\Intel\iCLS Client\;C:\Program Files\Intel\iCLS Client\;C:\Windows\system32;C:\Windows;C:\Windows\System32\Wbem;C:\Windows\System32\WindowsPowerShell\v1.0\;C:\Program Files\Intel\Intel(R) Management Engine Components\DAL;C:\Program Files\Intel\Intel(R) Management Engine Components\IPT;C:\Program Files (x86)\Intel\Intel(R) Management Engine Components\DAL;C:\Program Files (x86)\Intel\Intel(R) Management Engine Components\IPT;C:\Python27;C:\Program Files (x86)\scala\bin;C:\Python27\Scripts;C:\Program Files\Java\jdk1.8.0_25\bin;C:\Program Files\Java\jdk1.8.0_25\lib;;C:\Program Files (x86)\NVIDIA Corporation\PhysX\Common;C:\Program Files\Bandizip\7z;D:\eclipse;
USERNAME=Via Dolorosa
OS=Windows_NT
PROCESSOR_IDENTIFIER=Intel64 Family 6 Model 58 Stepping 9, GenuineIntel



---------------  S Y S T E M  ---------------

OS: Windows 8.1 , 64 bit Build 9600 (6.3.9600.17415)

CPU:total 8 (4 cores per cpu, 2 threads per core) family 6 model 58 stepping 9, cmov, cx8, fxsr, mmx, sse, sse2, sse3, ssse3, sse4.1, sse4.2, popcnt, avx, aes, clmul, erms, ht, tsc, tscinvbit, tscinv

Memory: 4k page, physical 16720432k(7751736k free), swap 20509368k(6036680k free)

vm_info: Java HotSpot(TM) 64-Bit Server VM (25.60-b23) for windows-amd64 JRE (1.8.0_60-b27), built on Aug  4 2015 11:06:27 by "java_re" with MS VC++ 10.0 (VS2010)

time: Fri Oct 02 00:26:16 2015
elapsed time: 5632 seconds (0d 1h 33m 52s)

